#-----------------------------------------------------------
# Vivado v2018.3 (64-bit)
# SW Build 2405991 on Thu Dec  6 23:38:27 MST 2018
# IP Build 2404404 on Fri Dec  7 01:43:56 MST 2018
# Start of session at: Mon Aug 12 00:39:57 2024
# Process ID: 16840
# Current directory: C:/Users/Public/grup_proje
# Command line: vivado.exe -gui_launcher_event rodinguilauncherevent21536 C:\Users\Public\grup_proje\grup_proje.xpr
# Log file: C:/Users/Public/grup_proje/vivado.log
# Journal file: C:/Users/Public/grup_proje\vivado.jou
#-----------------------------------------------------------
start_gui
open_project C:/Users/Public/grup_proje/grup_proje.xpr
Scanning sources...
Finished scanning sources
INFO: [IP_Flow 19-234] Refreshing IP repositories
INFO: [IP_Flow 19-1704] No user IP repositories specified
INFO: [IP_Flow 19-2313] Loaded Vivado IP repository 'C:/Xilinx/asd/Vivado/2018.3/data/ip'.
update_compile_order -fileset sources_1
reset_run synth_1
launch_runs impl_1 -to_step write_bitstream -jobs 6
[Mon Aug 12 00:40:27 2024] Launched synth_1...
Run output will be captured here: C:/Users/Public/grup_proje/grup_proje.runs/synth_1/runme.log
[Mon Aug 12 00:40:27 2024] Launched impl_1...
Run output will be captured here: C:/Users/Public/grup_proje/grup_proje.runs/impl_1/runme.log
open_run impl_1
INFO: [Netlist 29-17] Analyzing 52 Unisim elements for replacement
INFO: [Netlist 29-28] Unisim Transformation completed in 0 CPU seconds
INFO: [Project 1-479] Netlist was created with Vivado 2018.3
INFO: [Device 21-403] Loading part xc7a35tcpg236-1
INFO: [Project 1-570] Preparing netlist for logic optimization
INFO: [Timing 38-478] Restoring timing data from binary archive.
INFO: [Timing 38-479] Binary timing data restore complete.
INFO: [Project 1-856] Restoring constraints from binary archive.
INFO: [Project 1-853] Binary constraint restore complete.
Reading XDEF placement.
Reading placer database...
Reading XDEF routing.
Read XDEF File: Time (s): cpu = 00:00:00 ; elapsed = 00:00:00.064 . Memory (MB): peak = 1578.359 ; gain = 0.000
Restored from archive | CPU: 0.000000 secs | Memory: 0.000000 MB |
Finished XDEF File Restore: Time (s): cpu = 00:00:00 ; elapsed = 00:00:00.065 . Memory (MB): peak = 1578.359 ; gain = 0.000
Netlist sorting complete. Time (s): cpu = 00:00:00 ; elapsed = 00:00:00 . Memory (MB): peak = 1578.383 ; gain = 0.000
INFO: [Project 1-111] Unisim Transformation Summary:
No Unisim elements were transformed.

open_run: Time (s): cpu = 00:00:17 ; elapsed = 00:00:16 . Memory (MB): peak = 1698.301 ; gain = 919.770
open_hw
connect_hw_server
INFO: [Labtools 27-2285] Connecting to hw_server url TCP:localhost:3121
INFO: [Labtools 27-2222] Launching hw_server...
INFO: [Labtools 27-2221] Launch Output:

****** Xilinx hw_server v2018.3
  **** Build date : Dec  7 2018-00:40:27
    ** Copyright 1986-2018 Xilinx, Inc. All Rights Reserved.


open_hw_target
INFO: [Labtoolstcl 44-466] Opening hw_target localhost:3121/xilinx_tcf/Digilent/210183741902A
set_property PROGRAM.FILE {C:/Users/Public/grup_proje/grup_proje.runs/impl_1/saatt.bit} [get_hw_devices xc7a35t_0]
current_hw_device [get_hw_devices xc7a35t_0]
refresh_hw_device -update_hw_probes false [lindex [get_hw_devices xc7a35t_0] 0]
INFO: [Labtools 27-1434] Device xc7a35t (JTAG device index = 0) is programmed with a design that has no supported debug core(s) in it.
set_property PROBES.FILE {} [get_hw_devices xc7a35t_0]
set_property FULL_PROBES.FILE {} [get_hw_devices xc7a35t_0]
set_property PROGRAM.FILE {C:/Users/Public/grup_proje/grup_proje.runs/impl_1/saatt.bit} [get_hw_devices xc7a35t_0]
program_hw_devices [get_hw_devices xc7a35t_0]
INFO: [Labtools 27-3164] End of startup status: HIGH
refresh_hw_device [lindex [get_hw_devices xc7a35t_0] 0]
INFO: [Labtools 27-1434] Device xc7a35t (JTAG device index = 0) is programmed with a design that has no supported debug core(s) in it.
reset_run impl_1 -prev_step 
launch_runs impl_1 -to_step write_bitstream -jobs 6
WARNING: [Vivado 12-872] Run step 'Design Initialization' is out-of-date.
[Mon Aug 12 01:03:43 2024] Launched impl_1...
Run output will be captured here: C:/Users/Public/grup_proje/grup_proje.runs/impl_1/runme.log
set_property PROBES.FILE {} [get_hw_devices xc7a35t_0]
set_property FULL_PROBES.FILE {} [get_hw_devices xc7a35t_0]
set_property PROGRAM.FILE {C:/Users/Public/grup_proje/grup_proje.runs/impl_1/saatt.bit} [get_hw_devices xc7a35t_0]
program_hw_devices [get_hw_devices xc7a35t_0]
INFO: [Labtools 27-3164] End of startup status: HIGH
refresh_hw_device [lindex [get_hw_devices xc7a35t_0] 0]
INFO: [Labtools 27-1434] Device xc7a35t (JTAG device index = 0) is programmed with a design that has no supported debug core(s) in it.
close [ open C:/Users/Public/grup_proje/grup_proje.srcs/sources_1/new/uart_module.v w ]
add_files C:/Users/Public/grup_proje/grup_proje.srcs/sources_1/new/uart_module.v
update_compile_order -fileset sources_1
update_compile_order -fileset sources_1
reset_run synth_1
launch_runs impl_1 -to_step write_bitstream -jobs 6
[Mon Aug 12 01:29:43 2024] Launched synth_1...
Run output will be captured here: C:/Users/Public/grup_proje/grup_proje.runs/synth_1/runme.log
[Mon Aug 12 01:29:43 2024] Launched impl_1...
Run output will be captured here: C:/Users/Public/grup_proje/grup_proje.runs/impl_1/runme.log
set_property PROBES.FILE {} [get_hw_devices xc7a35t_0]
set_property FULL_PROBES.FILE {} [get_hw_devices xc7a35t_0]
set_property PROGRAM.FILE {C:/Users/Public/grup_proje/grup_proje.runs/impl_1/saatt.bit} [get_hw_devices xc7a35t_0]
program_hw_devices [get_hw_devices xc7a35t_0]
INFO: [Labtools 27-3164] End of startup status: HIGH
refresh_hw_device [lindex [get_hw_devices xc7a35t_0] 0]
INFO: [Labtools 27-1434] Device xc7a35t (JTAG device index = 0) is programmed with a design that has no supported debug core(s) in it.
ERROR: [Labtoolstcl 44-513] HW Target shutdown. Closing target: localhost:3121/xilinx_tcf/Digilent/210183741902A
export_ip_user_files -of_objects  [get_files C:/Users/Public/grup_proje/grup_proje.srcs/sources_1/new/uart_rx.v] -no_script -reset -force -quiet
remove_files  C:/Users/Public/grup_proje/grup_proje.srcs/sources_1/new/uart_rx.v
file delete -force C:/Users/Public/grup_proje/grup_proje.srcs/sources_1/new/uart_rx.v
export_ip_user_files -of_objects  [get_files C:/Users/Public/grup_proje/grup_proje.srcs/sources_1/new/uart_tx.v] -no_script -reset -force -quiet
remove_files  C:/Users/Public/grup_proje/grup_proje.srcs/sources_1/new/uart_tx.v
file delete -force C:/Users/Public/grup_proje/grup_proje.srcs/sources_1/new/uart_tx.v
update_compile_order -fileset sources_1
export_ip_user_files -of_objects  [get_files C:/Users/Public/grup_proje/grup_proje.srcs/sources_1/new/uart_module.v] -no_script -reset -force -quiet
remove_files  C:/Users/Public/grup_proje/grup_proje.srcs/sources_1/new/uart_module.v
file delete -force C:/Users/Public/grup_proje/grup_proje.srcs/sources_1/new/uart_module.v
reset_run synth_1
launch_runs impl_1 -to_step write_bitstream -jobs 6
[Mon Aug 12 02:10:10 2024] Launched synth_1...
Run output will be captured here: C:/Users/Public/grup_proje/grup_proje.runs/synth_1/runme.log
[Mon Aug 12 02:10:10 2024] Launched impl_1...
Run output will be captured here: C:/Users/Public/grup_proje/grup_proje.runs/impl_1/runme.log
INFO: [Labtoolstcl 44-466] Opening hw_target localhost:3121/xilinx_tcf/Digilent/210183741902A
INFO: [Labtools 27-1434] Device xc7a35t (JTAG device index = 0) is programmed with a design that has no supported debug core(s) in it.
WARNING: [Labtoolstcl 44-129] No matching hw_ila_data was found.
set_property PROBES.FILE {} [get_hw_devices xc7a35t_0]
set_property FULL_PROBES.FILE {} [get_hw_devices xc7a35t_0]
set_property PROGRAM.FILE {C:/Users/Public/grup_proje/grup_proje.runs/impl_1/saatt.bit} [get_hw_devices xc7a35t_0]
program_hw_devices [get_hw_devices xc7a35t_0]
INFO: [Labtools 27-3164] End of startup status: HIGH
refresh_hw_device [lindex [get_hw_devices xc7a35t_0] 0]
INFO: [Labtools 27-1434] Device xc7a35t (JTAG device index = 0) is programmed with a design that has no supported debug core(s) in it.
close [ open C:/Users/Public/grup_proje/grup_proje.srcs/sources_1/new/baud_rate_generator.v w ]
add_files C:/Users/Public/grup_proje/grup_proje.srcs/sources_1/new/baud_rate_generator.v
close [ open C:/Users/Public/grup_proje/grup_proje.srcs/sources_1/new/uart_reciever.v w ]
add_files C:/Users/Public/grup_proje/grup_proje.srcs/sources_1/new/uart_reciever.v
close [ open C:/Users/Public/grup_proje/grup_proje.srcs/sources_1/new/uart_transmitter.v w ]
add_files C:/Users/Public/grup_proje/grup_proje.srcs/sources_1/new/uart_transmitter.v
close [ open C:/Users/Public/grup_proje/grup_proje.srcs/sources_1/new/uart_top.v w ]
add_files C:/Users/Public/grup_proje/grup_proje.srcs/sources_1/new/uart_top.v
close [ open C:/Users/Public/grup_proje/grup_proje.srcs/sources_1/new/fifo.v w ]
add_files C:/Users/Public/grup_proje/grup_proje.srcs/sources_1/new/fifo.v
update_compile_order -fileset sources_1
update_compile_order -fileset sources_1
update_compile_order -fileset sources_1
reset_run synth_1
launch_runs impl_1 -to_step write_bitstream -jobs 6
[Mon Aug 12 02:27:21 2024] Launched synth_1...
Run output will be captured here: C:/Users/Public/grup_proje/grup_proje.runs/synth_1/runme.log
[Mon Aug 12 02:27:21 2024] Launched impl_1...
Run output will be captured here: C:/Users/Public/grup_proje/grup_proje.runs/impl_1/runme.log
update_compile_order -fileset sources_1
reset_run synth_1
launch_runs impl_1 -to_step write_bitstream -jobs 6
[Mon Aug 12 02:28:10 2024] Launched synth_1...
Run output will be captured here: C:/Users/Public/grup_proje/grup_proje.runs/synth_1/runme.log
[Mon Aug 12 02:28:10 2024] Launched impl_1...
Run output will be captured here: C:/Users/Public/grup_proje/grup_proje.runs/impl_1/runme.log
reset_run synth_1
launch_runs impl_1 -to_step write_bitstream -jobs 6
[Mon Aug 12 02:31:55 2024] Launched synth_1...
Run output will be captured here: C:/Users/Public/grup_proje/grup_proje.runs/synth_1/runme.log
[Mon Aug 12 02:31:55 2024] Launched impl_1...
Run output will be captured here: C:/Users/Public/grup_proje/grup_proje.runs/impl_1/runme.log
reset_run impl_1 -prev_step 
launch_runs impl_1 -to_step write_bitstream -jobs 6
[Mon Aug 12 02:37:38 2024] Launched impl_1...
Run output will be captured here: C:/Users/Public/grup_proje/grup_proje.runs/impl_1/runme.log
update_compile_order -fileset sources_1
reset_run synth_1
launch_runs impl_1 -to_step write_bitstream -jobs 6
[Mon Aug 12 03:10:06 2024] Launched synth_1...
Run output will be captured here: C:/Users/Public/grup_proje/grup_proje.runs/synth_1/runme.log
[Mon Aug 12 03:10:06 2024] Launched impl_1...
Run output will be captured here: C:/Users/Public/grup_proje/grup_proje.runs/impl_1/runme.log
set_property PROBES.FILE {} [get_hw_devices xc7a35t_0]
set_property FULL_PROBES.FILE {} [get_hw_devices xc7a35t_0]
set_property PROGRAM.FILE {C:/Users/Public/grup_proje/grup_proje.runs/impl_1/saatt.bit} [get_hw_devices xc7a35t_0]
program_hw_devices [get_hw_devices xc7a35t_0]
INFO: [Labtools 27-3164] End of startup status: HIGH
refresh_hw_device [lindex [get_hw_devices xc7a35t_0] 0]
INFO: [Labtools 27-1434] Device xc7a35t (JTAG device index = 0) is programmed with a design that has no supported debug core(s) in it.
reset_run synth_1
launch_runs impl_1 -to_step write_bitstream -jobs 6
[Mon Aug 12 03:13:25 2024] Launched synth_1...
Run output will be captured here: C:/Users/Public/grup_proje/grup_proje.runs/synth_1/runme.log
[Mon Aug 12 03:13:25 2024] Launched impl_1...
Run output will be captured here: C:/Users/Public/grup_proje/grup_proje.runs/impl_1/runme.log
set_property PROBES.FILE {} [get_hw_devices xc7a35t_0]
set_property FULL_PROBES.FILE {} [get_hw_devices xc7a35t_0]
set_property PROGRAM.FILE {C:/Users/Public/grup_proje/grup_proje.runs/impl_1/saatt.bit} [get_hw_devices xc7a35t_0]
program_hw_devices [get_hw_devices xc7a35t_0]
INFO: [Labtools 27-3164] End of startup status: HIGH
refresh_hw_device [lindex [get_hw_devices xc7a35t_0] 0]
INFO: [Labtools 27-1434] Device xc7a35t (JTAG device index = 0) is programmed with a design that has no supported debug core(s) in it.
reset_run synth_1
launch_runs impl_1 -to_step write_bitstream -jobs 6
[Mon Aug 12 03:17:08 2024] Launched synth_1...
Run output will be captured here: C:/Users/Public/grup_proje/grup_proje.runs/synth_1/runme.log
[Mon Aug 12 03:17:08 2024] Launched impl_1...
Run output will be captured here: C:/Users/Public/grup_proje/grup_proje.runs/impl_1/runme.log
set_property PROBES.FILE {} [get_hw_devices xc7a35t_0]
set_property FULL_PROBES.FILE {} [get_hw_devices xc7a35t_0]
set_property PROGRAM.FILE {C:/Users/Public/grup_proje/grup_proje.runs/impl_1/saatt.bit} [get_hw_devices xc7a35t_0]
program_hw_devices [get_hw_devices xc7a35t_0]
INFO: [Labtools 27-3164] End of startup status: HIGH
refresh_hw_device [lindex [get_hw_devices xc7a35t_0] 0]
INFO: [Labtools 27-1434] Device xc7a35t (JTAG device index = 0) is programmed with a design that has no supported debug core(s) in it.
reset_run synth_1
launch_runs impl_1 -to_step write_bitstream -jobs 6
[Mon Aug 12 03:19:23 2024] Launched synth_1...
Run output will be captured here: C:/Users/Public/grup_proje/grup_proje.runs/synth_1/runme.log
[Mon Aug 12 03:19:23 2024] Launched impl_1...
Run output will be captured here: C:/Users/Public/grup_proje/grup_proje.runs/impl_1/runme.log
set_property PROBES.FILE {} [get_hw_devices xc7a35t_0]
set_property FULL_PROBES.FILE {} [get_hw_devices xc7a35t_0]
set_property PROGRAM.FILE {C:/Users/Public/grup_proje/grup_proje.runs/impl_1/saatt.bit} [get_hw_devices xc7a35t_0]
program_hw_devices [get_hw_devices xc7a35t_0]
INFO: [Labtools 27-3164] End of startup status: HIGH
refresh_hw_device [lindex [get_hw_devices xc7a35t_0] 0]
INFO: [Labtools 27-1434] Device xc7a35t (JTAG device index = 0) is programmed with a design that has no supported debug core(s) in it.
set_property PROBES.FILE {} [get_hw_devices xc7a35t_0]
set_property FULL_PROBES.FILE {} [get_hw_devices xc7a35t_0]
set_property PROGRAM.FILE {C:/Users/Public/grup_proje/grup_proje.runs/impl_1/saatt.bit} [get_hw_devices xc7a35t_0]
program_hw_devices [get_hw_devices xc7a35t_0]
INFO: [Labtools 27-3164] End of startup status: HIGH
refresh_hw_device [lindex [get_hw_devices xc7a35t_0] 0]
INFO: [Labtools 27-1434] Device xc7a35t (JTAG device index = 0) is programmed with a design that has no supported debug core(s) in it.
export_ip_user_files -of_objects  [get_files C:/Users/Public/grup_proje/grup_proje.srcs/sources_1/new/uart_top.v] -no_script -reset -force -quiet
remove_files  C:/Users/Public/grup_proje/grup_proje.srcs/sources_1/new/uart_top.v
file delete -force C:/Users/Public/grup_proje/grup_proje.srcs/sources_1/new/uart_top.v
export_ip_user_files -of_objects  [get_files C:/Users/Public/grup_proje/grup_proje.srcs/sources_1/new/uart_reciever.v] -no_script -reset -force -quiet
remove_files  C:/Users/Public/grup_proje/grup_proje.srcs/sources_1/new/uart_reciever.v
file delete -force C:/Users/Public/grup_proje/grup_proje.srcs/sources_1/new/uart_reciever.v
export_ip_user_files -of_objects  [get_files C:/Users/Public/grup_proje/grup_proje.srcs/sources_1/new/uart_transmitter.v] -no_script -reset -force -quiet
remove_files  C:/Users/Public/grup_proje/grup_proje.srcs/sources_1/new/uart_transmitter.v
file delete -force C:/Users/Public/grup_proje/grup_proje.srcs/sources_1/new/uart_transmitter.v
export_ip_user_files -of_objects  [get_files C:/Users/Public/grup_proje/grup_proje.srcs/sources_1/new/fifo.v] -no_script -reset -force -quiet
remove_files  C:/Users/Public/grup_proje/grup_proje.srcs/sources_1/new/fifo.v
file delete -force C:/Users/Public/grup_proje/grup_proje.srcs/sources_1/new/fifo.v
export_ip_user_files -of_objects  [get_files C:/Users/Public/grup_proje/grup_proje.srcs/sources_1/new/baud_rate_generator.v] -no_script -reset -force -quiet
remove_files  C:/Users/Public/grup_proje/grup_proje.srcs/sources_1/new/baud_rate_generator.v
file delete -force C:/Users/Public/grup_proje/grup_proje.srcs/sources_1/new/baud_rate_generator.v
close [ open C:/Users/Public/grup_proje/grup_proje.srcs/sources_1/new/uart_rx.v w ]
add_files C:/Users/Public/grup_proje/grup_proje.srcs/sources_1/new/uart_rx.v
update_compile_order -fileset sources_1
close [ open C:/Users/Public/grup_proje/grup_proje.srcs/sources_1/new/uart_tx.v w ]
add_files C:/Users/Public/grup_proje/grup_proje.srcs/sources_1/new/uart_tx.v
update_compile_order -fileset sources_1
update_compile_order -fileset sources_1
reset_run synth_1
launch_runs impl_1 -to_step write_bitstream -jobs 6
[Mon Aug 12 03:24:30 2024] Launched synth_1...
Run output will be captured here: C:/Users/Public/grup_proje/grup_proje.runs/synth_1/runme.log
[Mon Aug 12 03:24:30 2024] Launched impl_1...
Run output will be captured here: C:/Users/Public/grup_proje/grup_proje.runs/impl_1/runme.log
export_ip_user_files -of_objects  [get_files C:/Users/Public/grup_proje/grup_proje.srcs/sources_1/new/uart_rx.v] -no_script -reset -force -quiet
remove_files  C:/Users/Public/grup_proje/grup_proje.srcs/sources_1/new/uart_rx.v
file delete -force C:/Users/Public/grup_proje/grup_proje.srcs/sources_1/new/uart_rx.v
export_ip_user_files -of_objects  [get_files C:/Users/Public/grup_proje/grup_proje.srcs/sources_1/new/uart_tx.v] -no_script -reset -force -quiet
remove_files  C:/Users/Public/grup_proje/grup_proje.srcs/sources_1/new/uart_tx.v
file delete -force C:/Users/Public/grup_proje/grup_proje.srcs/sources_1/new/uart_tx.v
close [ open C:/Users/Public/grup_proje/grup_proje.srcs/sources_1/new/uartrx.v w ]
add_files C:/Users/Public/grup_proje/grup_proje.srcs/sources_1/new/uartrx.v
update_compile_order -fileset sources_1
close [ open C:/Users/Public/grup_proje/grup_proje.srcs/sources_1/new/uarttx.v w ]
add_files C:/Users/Public/grup_proje/grup_proje.srcs/sources_1/new/uarttx.v
update_compile_order -fileset sources_1
update_compile_order -fileset sources_1
reset_run synth_1
launch_runs impl_1 -to_step write_bitstream -jobs 6
[Mon Aug 12 03:33:35 2024] Launched synth_1...
Run output will be captured here: C:/Users/Public/grup_proje/grup_proje.runs/synth_1/runme.log
[Mon Aug 12 03:33:35 2024] Launched impl_1...
Run output will be captured here: C:/Users/Public/grup_proje/grup_proje.runs/impl_1/runme.log
reset_run synth_1
launch_runs impl_1 -to_step write_bitstream -jobs 6
[Mon Aug 12 03:35:28 2024] Launched synth_1...
Run output will be captured here: C:/Users/Public/grup_proje/grup_proje.runs/synth_1/runme.log
[Mon Aug 12 03:35:28 2024] Launched impl_1...
Run output will be captured here: C:/Users/Public/grup_proje/grup_proje.runs/impl_1/runme.log
reset_run synth_1
launch_runs impl_1 -to_step write_bitstream -jobs 6
[Mon Aug 12 03:36:01 2024] Launched synth_1...
Run output will be captured here: C:/Users/Public/grup_proje/grup_proje.runs/synth_1/runme.log
[Mon Aug 12 03:36:01 2024] Launched impl_1...
Run output will be captured here: C:/Users/Public/grup_proje/grup_proje.runs/impl_1/runme.log
set_property PROBES.FILE {} [get_hw_devices xc7a35t_0]
set_property FULL_PROBES.FILE {} [get_hw_devices xc7a35t_0]
set_property PROGRAM.FILE {C:/Users/Public/grup_proje/grup_proje.runs/impl_1/saatt.bit} [get_hw_devices xc7a35t_0]
program_hw_devices [get_hw_devices xc7a35t_0]
INFO: [Labtools 27-3164] End of startup status: HIGH
refresh_hw_device [lindex [get_hw_devices xc7a35t_0] 0]
INFO: [Labtools 27-1434] Device xc7a35t (JTAG device index = 0) is programmed with a design that has no supported debug core(s) in it.
ERROR: [Labtoolstcl 44-513] HW Target shutdown. Closing target: localhost:3121/xilinx_tcf/Digilent/210183741902A
reset_run synth_1
update_compile_order -fileset sources_1
launch_runs impl_1 -to_step write_bitstream -jobs 6
[Mon Aug 12 03:43:25 2024] Launched synth_1...
Run output will be captured here: C:/Users/Public/grup_proje/grup_proje.runs/synth_1/runme.log
[Mon Aug 12 03:43:25 2024] Launched impl_1...
Run output will be captured here: C:/Users/Public/grup_proje/grup_proje.runs/impl_1/runme.log
reset_run synth_1
launch_runs impl_1 -to_step write_bitstream -jobs 6
[Mon Aug 12 03:44:21 2024] Launched synth_1...
Run output will be captured here: C:/Users/Public/grup_proje/grup_proje.runs/synth_1/runme.log
[Mon Aug 12 03:44:21 2024] Launched impl_1...
Run output will be captured here: C:/Users/Public/grup_proje/grup_proje.runs/impl_1/runme.log
INFO: [Labtoolstcl 44-466] Opening hw_target localhost:3121/xilinx_tcf/Digilent/210183741902A
INFO: [Labtools 27-1434] Device xc7a35t (JTAG device index = 0) is programmed with a design that has no supported debug core(s) in it.
WARNING: [Labtoolstcl 44-129] No matching hw_ila_data was found.
set_property PROBES.FILE {} [get_hw_devices xc7a35t_0]
set_property FULL_PROBES.FILE {} [get_hw_devices xc7a35t_0]
set_property PROGRAM.FILE {C:/Users/Public/grup_proje/grup_proje.runs/impl_1/saatt.bit} [get_hw_devices xc7a35t_0]
program_hw_devices [get_hw_devices xc7a35t_0]
INFO: [Labtools 27-3164] End of startup status: HIGH
refresh_hw_device [lindex [get_hw_devices xc7a35t_0] 0]
INFO: [Labtools 27-1434] Device xc7a35t (JTAG device index = 0) is programmed with a design that has no supported debug core(s) in it.
reset_run impl_1 -prev_step 
launch_runs impl_1 -to_step write_bitstream -jobs 6
WARNING: [Vivado 12-872] Run step 'Design Initialization' is out-of-date.
[Mon Aug 12 03:46:41 2024] Launched impl_1...
Run output will be captured here: C:/Users/Public/grup_proje/grup_proje.runs/impl_1/runme.log
set_property PROBES.FILE {} [get_hw_devices xc7a35t_0]
set_property FULL_PROBES.FILE {} [get_hw_devices xc7a35t_0]
set_property PROGRAM.FILE {C:/Users/Public/grup_proje/grup_proje.runs/impl_1/saatt.bit} [get_hw_devices xc7a35t_0]
program_hw_devices [get_hw_devices xc7a35t_0]
INFO: [Labtools 27-3164] End of startup status: HIGH
refresh_hw_device [lindex [get_hw_devices xc7a35t_0] 0]
INFO: [Labtools 27-1434] Device xc7a35t (JTAG device index = 0) is programmed with a design that has no supported debug core(s) in it.
ERROR: [Labtoolstcl 44-513] HW Target shutdown. Closing target: localhost:3121/xilinx_tcf/Digilent/210183741902A
reset_run synth_1
launch_runs impl_1 -to_step write_bitstream -jobs 6
[Mon Aug 12 04:10:43 2024] Launched synth_1...
Run output will be captured here: C:/Users/Public/grup_proje/grup_proje.runs/synth_1/runme.log
[Mon Aug 12 04:10:43 2024] Launched impl_1...
Run output will be captured here: C:/Users/Public/grup_proje/grup_proje.runs/impl_1/runme.log
reset_run synth_1
launch_runs impl_1 -to_step write_bitstream -jobs 6
[Mon Aug 12 04:12:02 2024] Launched synth_1...
Run output will be captured here: C:/Users/Public/grup_proje/grup_proje.runs/synth_1/runme.log
[Mon Aug 12 04:12:02 2024] Launched impl_1...
Run output will be captured here: C:/Users/Public/grup_proje/grup_proje.runs/impl_1/runme.log
INFO: [Labtoolstcl 44-466] Opening hw_target localhost:3121/xilinx_tcf/Digilent/210183741902A
INFO: [Labtools 27-1434] Device xc7a35t (JTAG device index = 0) is programmed with a design that has no supported debug core(s) in it.
WARNING: [Labtoolstcl 44-129] No matching hw_ila_data was found.
set_property PROBES.FILE {} [get_hw_devices xc7a35t_0]
set_property FULL_PROBES.FILE {} [get_hw_devices xc7a35t_0]
set_property PROGRAM.FILE {C:/Users/Public/grup_proje/grup_proje.runs/impl_1/saatt.bit} [get_hw_devices xc7a35t_0]
program_hw_devices [get_hw_devices xc7a35t_0]
INFO: [Labtools 27-3164] End of startup status: HIGH
refresh_hw_device [lindex [get_hw_devices xc7a35t_0] 0]
INFO: [Labtools 27-1434] Device xc7a35t (JTAG device index = 0) is programmed with a design that has no supported debug core(s) in it.
reset_run synth_1
launch_runs impl_1 -to_step write_bitstream -jobs 6
[Mon Aug 12 04:15:18 2024] Launched synth_1...
Run output will be captured here: C:/Users/Public/grup_proje/grup_proje.runs/synth_1/runme.log
[Mon Aug 12 04:15:18 2024] Launched impl_1...
Run output will be captured here: C:/Users/Public/grup_proje/grup_proje.runs/impl_1/runme.log
set_property PROBES.FILE {} [get_hw_devices xc7a35t_0]
set_property FULL_PROBES.FILE {} [get_hw_devices xc7a35t_0]
set_property PROGRAM.FILE {C:/Users/Public/grup_proje/grup_proje.runs/impl_1/saatt.bit} [get_hw_devices xc7a35t_0]
program_hw_devices [get_hw_devices xc7a35t_0]
INFO: [Labtools 27-3164] End of startup status: HIGH
refresh_hw_device [lindex [get_hw_devices xc7a35t_0] 0]
INFO: [Labtools 27-1434] Device xc7a35t (JTAG device index = 0) is programmed with a design that has no supported debug core(s) in it.
reset_run impl_1 -prev_step 
launch_runs impl_1 -to_step write_bitstream -jobs 6
WARNING: [Vivado 12-872] Run step 'Design Initialization' is out-of-date.
[Mon Aug 12 04:17:46 2024] Launched impl_1...
Run output will be captured here: C:/Users/Public/grup_proje/grup_proje.runs/impl_1/runme.log
set_property PROBES.FILE {} [get_hw_devices xc7a35t_0]
set_property FULL_PROBES.FILE {} [get_hw_devices xc7a35t_0]
set_property PROGRAM.FILE {C:/Users/Public/grup_proje/grup_proje.runs/impl_1/saatt.bit} [get_hw_devices xc7a35t_0]
program_hw_devices [get_hw_devices xc7a35t_0]
INFO: [Labtools 27-3164] End of startup status: HIGH
refresh_hw_device [lindex [get_hw_devices xc7a35t_0] 0]
INFO: [Labtools 27-1434] Device xc7a35t (JTAG device index = 0) is programmed with a design that has no supported debug core(s) in it.
reset_run synth_1
launch_runs impl_1 -to_step write_bitstream -jobs 6
[Mon Aug 12 04:19:09 2024] Launched synth_1...
Run output will be captured here: C:/Users/Public/grup_proje/grup_proje.runs/synth_1/runme.log
[Mon Aug 12 04:19:09 2024] Launched impl_1...
Run output will be captured here: C:/Users/Public/grup_proje/grup_proje.runs/impl_1/runme.log
set_property PROBES.FILE {} [get_hw_devices xc7a35t_0]
set_property FULL_PROBES.FILE {} [get_hw_devices xc7a35t_0]
set_property PROGRAM.FILE {C:/Users/Public/grup_proje/grup_proje.runs/impl_1/saatt.bit} [get_hw_devices xc7a35t_0]
program_hw_devices [get_hw_devices xc7a35t_0]
INFO: [Labtools 27-3164] End of startup status: HIGH
refresh_hw_device [lindex [get_hw_devices xc7a35t_0] 0]
INFO: [Labtools 27-1434] Device xc7a35t (JTAG device index = 0) is programmed with a design that has no supported debug core(s) in it.
reset_run synth_1
launch_runs impl_1 -to_step write_bitstream -jobs 6
[Mon Aug 12 04:33:19 2024] Launched synth_1...
Run output will be captured here: C:/Users/Public/grup_proje/grup_proje.runs/synth_1/runme.log
[Mon Aug 12 04:33:19 2024] Launched impl_1...
Run output will be captured here: C:/Users/Public/grup_proje/grup_proje.runs/impl_1/runme.log
reset_run synth_1
launch_runs impl_1 -to_step write_bitstream -jobs 6
[Mon Aug 12 04:33:33 2024] Launched synth_1...
Run output will be captured here: C:/Users/Public/grup_proje/grup_proje.runs/synth_1/runme.log
[Mon Aug 12 04:33:33 2024] Launched impl_1...
Run output will be captured here: C:/Users/Public/grup_proje/grup_proje.runs/impl_1/runme.log
set_property PROBES.FILE {} [get_hw_devices xc7a35t_0]
set_property FULL_PROBES.FILE {} [get_hw_devices xc7a35t_0]
set_property PROGRAM.FILE {C:/Users/Public/grup_proje/grup_proje.runs/impl_1/saatt.bit} [get_hw_devices xc7a35t_0]
program_hw_devices [get_hw_devices xc7a35t_0]
INFO: [Labtools 27-3164] End of startup status: HIGH
refresh_hw_device [lindex [get_hw_devices xc7a35t_0] 0]
INFO: [Labtools 27-1434] Device xc7a35t (JTAG device index = 0) is programmed with a design that has no supported debug core(s) in it.
reset_run impl_1 -prev_step 
launch_runs impl_1 -to_step write_bitstream -jobs 6
WARNING: [Vivado 12-872] Run step 'Design Initialization' is out-of-date.
[Mon Aug 12 04:36:20 2024] Launched impl_1...
Run output will be captured here: C:/Users/Public/grup_proje/grup_proje.runs/impl_1/runme.log
set_property PROBES.FILE {} [get_hw_devices xc7a35t_0]
set_property FULL_PROBES.FILE {} [get_hw_devices xc7a35t_0]
set_property PROGRAM.FILE {C:/Users/Public/grup_proje/grup_proje.runs/impl_1/saatt.bit} [get_hw_devices xc7a35t_0]
program_hw_devices [get_hw_devices xc7a35t_0]
INFO: [Labtools 27-3164] End of startup status: HIGH
refresh_hw_device [lindex [get_hw_devices xc7a35t_0] 0]
INFO: [Labtools 27-1434] Device xc7a35t (JTAG device index = 0) is programmed with a design that has no supported debug core(s) in it.
set_property PROBES.FILE {} [get_hw_devices xc7a35t_0]
set_property FULL_PROBES.FILE {} [get_hw_devices xc7a35t_0]
set_property PROGRAM.FILE {C:/Users/Public/grup_proje/grup_proje.runs/impl_1/saatt.bit} [get_hw_devices xc7a35t_0]
program_hw_devices [get_hw_devices xc7a35t_0]
INFO: [Labtools 27-3164] End of startup status: HIGH
refresh_hw_device [lindex [get_hw_devices xc7a35t_0] 0]
INFO: [Labtools 27-1434] Device xc7a35t (JTAG device index = 0) is programmed with a design that has no supported debug core(s) in it.
set_property PROBES.FILE {} [get_hw_devices xc7a35t_0]
set_property FULL_PROBES.FILE {} [get_hw_devices xc7a35t_0]
set_property PROGRAM.FILE {C:/Users/Public/grup_proje/grup_proje.runs/impl_1/saatt.bit} [get_hw_devices xc7a35t_0]
program_hw_devices [get_hw_devices xc7a35t_0]
INFO: [Labtools 27-3164] End of startup status: HIGH
refresh_hw_device [lindex [get_hw_devices xc7a35t_0] 0]
INFO: [Labtools 27-1434] Device xc7a35t (JTAG device index = 0) is programmed with a design that has no supported debug core(s) in it.
reset_run synth_1
launch_runs impl_1 -to_step write_bitstream -jobs 6
[Mon Aug 12 04:40:01 2024] Launched synth_1...
Run output will be captured here: C:/Users/Public/grup_proje/grup_proje.runs/synth_1/runme.log
[Mon Aug 12 04:40:01 2024] Launched impl_1...
Run output will be captured here: C:/Users/Public/grup_proje/grup_proje.runs/impl_1/runme.log
reset_run impl_1
reset_run synth_1
launch_runs impl_1 -to_step write_bitstream -jobs 6
[Mon Aug 12 04:41:23 2024] Launched synth_1...
Run output will be captured here: C:/Users/Public/grup_proje/grup_proje.runs/synth_1/runme.log
[Mon Aug 12 04:41:23 2024] Launched impl_1...
Run output will be captured here: C:/Users/Public/grup_proje/grup_proje.runs/impl_1/runme.log
set_property PROBES.FILE {} [get_hw_devices xc7a35t_0]
set_property FULL_PROBES.FILE {} [get_hw_devices xc7a35t_0]
set_property PROGRAM.FILE {C:/Users/Public/grup_proje/grup_proje.runs/impl_1/saatt.bit} [get_hw_devices xc7a35t_0]
program_hw_devices [get_hw_devices xc7a35t_0]
INFO: [Labtools 27-3164] End of startup status: HIGH
refresh_hw_device [lindex [get_hw_devices xc7a35t_0] 0]
INFO: [Labtools 27-1434] Device xc7a35t (JTAG device index = 0) is programmed with a design that has no supported debug core(s) in it.
reset_run synth_1
launch_runs impl_1 -to_step write_bitstream -jobs 6
[Mon Aug 12 04:47:01 2024] Launched synth_1...
Run output will be captured here: C:/Users/Public/grup_proje/grup_proje.runs/synth_1/runme.log
[Mon Aug 12 04:47:01 2024] Launched impl_1...
Run output will be captured here: C:/Users/Public/grup_proje/grup_proje.runs/impl_1/runme.log
set_property PROBES.FILE {} [get_hw_devices xc7a35t_0]
set_property FULL_PROBES.FILE {} [get_hw_devices xc7a35t_0]
set_property PROGRAM.FILE {C:/Users/Public/grup_proje/grup_proje.runs/impl_1/saatt.bit} [get_hw_devices xc7a35t_0]
program_hw_devices [get_hw_devices xc7a35t_0]
INFO: [Labtools 27-3164] End of startup status: HIGH
refresh_hw_device [lindex [get_hw_devices xc7a35t_0] 0]
INFO: [Labtools 27-1434] Device xc7a35t (JTAG device index = 0) is programmed with a design that has no supported debug core(s) in it.
reset_run synth_1
launch_runs impl_1 -to_step write_bitstream -jobs 6
[Mon Aug 12 04:54:33 2024] Launched synth_1...
Run output will be captured here: C:/Users/Public/grup_proje/grup_proje.runs/synth_1/runme.log
[Mon Aug 12 04:54:33 2024] Launched impl_1...
Run output will be captured here: C:/Users/Public/grup_proje/grup_proje.runs/impl_1/runme.log
set_property PROBES.FILE {} [get_hw_devices xc7a35t_0]
set_property FULL_PROBES.FILE {} [get_hw_devices xc7a35t_0]
set_property PROGRAM.FILE {C:/Users/Public/grup_proje/grup_proje.runs/impl_1/saatt.bit} [get_hw_devices xc7a35t_0]
program_hw_devices [get_hw_devices xc7a35t_0]
INFO: [Labtools 27-3164] End of startup status: HIGH
refresh_hw_device [lindex [get_hw_devices xc7a35t_0] 0]
INFO: [Labtools 27-1434] Device xc7a35t (JTAG device index = 0) is programmed with a design that has no supported debug core(s) in it.
reset_run synth_1
launch_runs impl_1 -to_step write_bitstream -jobs 6
[Mon Aug 12 04:59:22 2024] Launched synth_1...
Run output will be captured here: C:/Users/Public/grup_proje/grup_proje.runs/synth_1/runme.log
[Mon Aug 12 04:59:22 2024] Launched impl_1...
Run output will be captured here: C:/Users/Public/grup_proje/grup_proje.runs/impl_1/runme.log
set_property PROBES.FILE {} [get_hw_devices xc7a35t_0]
set_property FULL_PROBES.FILE {} [get_hw_devices xc7a35t_0]
set_property PROGRAM.FILE {C:/Users/Public/grup_proje/grup_proje.runs/impl_1/saatt.bit} [get_hw_devices xc7a35t_0]
program_hw_devices [get_hw_devices xc7a35t_0]
INFO: [Labtools 27-3164] End of startup status: HIGH
refresh_hw_device [lindex [get_hw_devices xc7a35t_0] 0]
INFO: [Labtools 27-1434] Device xc7a35t (JTAG device index = 0) is programmed with a design that has no supported debug core(s) in it.
set_property PROBES.FILE {} [get_hw_devices xc7a35t_0]
set_property FULL_PROBES.FILE {} [get_hw_devices xc7a35t_0]
set_property PROGRAM.FILE {C:/Users/Public/grup_proje/grup_proje.runs/impl_1/saatt.bit} [get_hw_devices xc7a35t_0]
program_hw_devices [get_hw_devices xc7a35t_0]
INFO: [Labtools 27-3164] End of startup status: HIGH
refresh_hw_device [lindex [get_hw_devices xc7a35t_0] 0]
INFO: [Labtools 27-1434] Device xc7a35t (JTAG device index = 0) is programmed with a design that has no supported debug core(s) in it.
reset_run synth_1
launch_runs impl_1 -to_step write_bitstream -jobs 6
[Mon Aug 12 05:18:45 2024] Launched synth_1...
Run output will be captured here: C:/Users/Public/grup_proje/grup_proje.runs/synth_1/runme.log
[Mon Aug 12 05:18:45 2024] Launched impl_1...
Run output will be captured here: C:/Users/Public/grup_proje/grup_proje.runs/impl_1/runme.log
set_property PROBES.FILE {} [get_hw_devices xc7a35t_0]
set_property FULL_PROBES.FILE {} [get_hw_devices xc7a35t_0]
set_property PROGRAM.FILE {C:/Users/Public/grup_proje/grup_proje.runs/impl_1/saatt.bit} [get_hw_devices xc7a35t_0]
program_hw_devices [get_hw_devices xc7a35t_0]
INFO: [Labtools 27-3164] End of startup status: HIGH
refresh_hw_device [lindex [get_hw_devices xc7a35t_0] 0]
INFO: [Labtools 27-1434] Device xc7a35t (JTAG device index = 0) is programmed with a design that has no supported debug core(s) in it.
reset_run synth_1
launch_runs impl_1 -to_step write_bitstream -jobs 6
[Mon Aug 12 05:23:31 2024] Launched synth_1...
Run output will be captured here: C:/Users/Public/grup_proje/grup_proje.runs/synth_1/runme.log
[Mon Aug 12 05:23:31 2024] Launched impl_1...
Run output will be captured here: C:/Users/Public/grup_proje/grup_proje.runs/impl_1/runme.log
set_property PROBES.FILE {} [get_hw_devices xc7a35t_0]
set_property FULL_PROBES.FILE {} [get_hw_devices xc7a35t_0]
set_property PROGRAM.FILE {C:/Users/Public/grup_proje/grup_proje.runs/impl_1/saatt.bit} [get_hw_devices xc7a35t_0]
program_hw_devices [get_hw_devices xc7a35t_0]
INFO: [Labtools 27-3164] End of startup status: HIGH
refresh_hw_device [lindex [get_hw_devices xc7a35t_0] 0]
INFO: [Labtools 27-1434] Device xc7a35t (JTAG device index = 0) is programmed with a design that has no supported debug core(s) in it.
reset_run impl_1 -prev_step 
launch_runs impl_1 -to_step write_bitstream -jobs 12
WARNING: [Vivado 12-872] Run step 'Design Initialization' is out-of-date.
[Mon Aug 12 05:49:20 2024] Launched impl_1...
Run output will be captured here: C:/Users/Public/grup_proje/grup_proje.runs/impl_1/runme.log
reset_run synth_1
launch_runs impl_1 -to_step write_bitstream -jobs 12
[Mon Aug 12 05:50:14 2024] Launched synth_1...
Run output will be captured here: C:/Users/Public/grup_proje/grup_proje.runs/synth_1/runme.log
[Mon Aug 12 05:50:14 2024] Launched impl_1...
Run output will be captured here: C:/Users/Public/grup_proje/grup_proje.runs/impl_1/runme.log
set_property PROBES.FILE {} [get_hw_devices xc7a35t_0]
set_property FULL_PROBES.FILE {} [get_hw_devices xc7a35t_0]
set_property PROGRAM.FILE {C:/Users/Public/grup_proje/grup_proje.runs/impl_1/saatt.bit} [get_hw_devices xc7a35t_0]
program_hw_devices [get_hw_devices xc7a35t_0]
INFO: [Labtools 27-3164] End of startup status: HIGH
refresh_hw_device [lindex [get_hw_devices xc7a35t_0] 0]
INFO: [Labtools 27-1434] Device xc7a35t (JTAG device index = 0) is programmed with a design that has no supported debug core(s) in it.
reset_run impl_1 -prev_step 
launch_runs impl_1 -to_step write_bitstream -jobs 12
WARNING: [Vivado 12-872] Run step 'Design Initialization' is out-of-date.
[Mon Aug 12 05:53:44 2024] Launched impl_1...
Run output will be captured here: C:/Users/Public/grup_proje/grup_proje.runs/impl_1/runme.log
set_property PROBES.FILE {} [get_hw_devices xc7a35t_0]
set_property FULL_PROBES.FILE {} [get_hw_devices xc7a35t_0]
set_property PROGRAM.FILE {C:/Users/Public/grup_proje/grup_proje.runs/impl_1/saatt.bit} [get_hw_devices xc7a35t_0]
program_hw_devices [get_hw_devices xc7a35t_0]
INFO: [Labtools 27-3164] End of startup status: HIGH
refresh_hw_device [lindex [get_hw_devices xc7a35t_0] 0]
INFO: [Labtools 27-1434] Device xc7a35t (JTAG device index = 0) is programmed with a design that has no supported debug core(s) in it.
reset_run synth_1
launch_runs impl_1 -to_step write_bitstream -jobs 12
[Mon Aug 12 05:55:41 2024] Launched synth_1...
Run output will be captured here: C:/Users/Public/grup_proje/grup_proje.runs/synth_1/runme.log
[Mon Aug 12 05:55:41 2024] Launched impl_1...
Run output will be captured here: C:/Users/Public/grup_proje/grup_proje.runs/impl_1/runme.log
set_property PROBES.FILE {} [get_hw_devices xc7a35t_0]
set_property FULL_PROBES.FILE {} [get_hw_devices xc7a35t_0]
set_property PROGRAM.FILE {C:/Users/Public/grup_proje/grup_proje.runs/impl_1/saatt.bit} [get_hw_devices xc7a35t_0]
program_hw_devices [get_hw_devices xc7a35t_0]
INFO: [Labtools 27-3164] End of startup status: HIGH
refresh_hw_device [lindex [get_hw_devices xc7a35t_0] 0]
INFO: [Labtools 27-1434] Device xc7a35t (JTAG device index = 0) is programmed with a design that has no supported debug core(s) in it.
reset_run impl_1 -prev_step 
launch_runs impl_1 -to_step write_bitstream -jobs 12
WARNING: [Vivado 12-872] Run step 'Design Initialization' is out-of-date.
[Mon Aug 12 06:01:55 2024] Launched impl_1...
Run output will be captured here: C:/Users/Public/grup_proje/grup_proje.runs/impl_1/runme.log
set_property PROBES.FILE {} [get_hw_devices xc7a35t_0]
set_property FULL_PROBES.FILE {} [get_hw_devices xc7a35t_0]
set_property PROGRAM.FILE {C:/Users/Public/grup_proje/grup_proje.runs/impl_1/saatt.bit} [get_hw_devices xc7a35t_0]
program_hw_devices [get_hw_devices xc7a35t_0]
INFO: [Labtools 27-3164] End of startup status: HIGH
refresh_hw_device [lindex [get_hw_devices xc7a35t_0] 0]
INFO: [Labtools 27-1434] Device xc7a35t (JTAG device index = 0) is programmed with a design that has no supported debug core(s) in it.
reset_run synth_1
launch_runs impl_1 -to_step write_bitstream -jobs 12
[Mon Aug 12 06:12:55 2024] Launched synth_1...
Run output will be captured here: C:/Users/Public/grup_proje/grup_proje.runs/synth_1/runme.log
[Mon Aug 12 06:12:55 2024] Launched impl_1...
Run output will be captured here: C:/Users/Public/grup_proje/grup_proje.runs/impl_1/runme.log
set_property PROBES.FILE {} [get_hw_devices xc7a35t_0]
set_property FULL_PROBES.FILE {} [get_hw_devices xc7a35t_0]
set_property PROGRAM.FILE {C:/Users/Public/grup_proje/grup_proje.runs/impl_1/saatt.bit} [get_hw_devices xc7a35t_0]
program_hw_devices [get_hw_devices xc7a35t_0]
INFO: [Labtools 27-3164] End of startup status: HIGH
refresh_hw_device [lindex [get_hw_devices xc7a35t_0] 0]
INFO: [Labtools 27-1434] Device xc7a35t (JTAG device index = 0) is programmed with a design that has no supported debug core(s) in it.
reset_run impl_1 -prev_step 
launch_runs impl_1 -to_step write_bitstream -jobs 12
WARNING: [Vivado 12-872] Run step 'Design Initialization' is out-of-date.
[Mon Aug 12 06:15:54 2024] Launched impl_1...
Run output will be captured here: C:/Users/Public/grup_proje/grup_proje.runs/impl_1/runme.log
set_property PROBES.FILE {} [get_hw_devices xc7a35t_0]
set_property FULL_PROBES.FILE {} [get_hw_devices xc7a35t_0]
set_property PROGRAM.FILE {C:/Users/Public/grup_proje/grup_proje.runs/impl_1/saatt.bit} [get_hw_devices xc7a35t_0]
program_hw_devices [get_hw_devices xc7a35t_0]
INFO: [Labtools 27-3164] End of startup status: HIGH
refresh_hw_device [lindex [get_hw_devices xc7a35t_0] 0]
INFO: [Labtools 27-1434] Device xc7a35t (JTAG device index = 0) is programmed with a design that has no supported debug core(s) in it.
reset_run synth_1
launch_runs impl_1 -to_step write_bitstream -jobs 12
[Mon Aug 12 06:17:59 2024] Launched synth_1...
Run output will be captured here: C:/Users/Public/grup_proje/grup_proje.runs/synth_1/runme.log
[Mon Aug 12 06:17:59 2024] Launched impl_1...
Run output will be captured here: C:/Users/Public/grup_proje/grup_proje.runs/impl_1/runme.log
set_property PROBES.FILE {} [get_hw_devices xc7a35t_0]
set_property FULL_PROBES.FILE {} [get_hw_devices xc7a35t_0]
set_property PROGRAM.FILE {C:/Users/Public/grup_proje/grup_proje.runs/impl_1/saatt.bit} [get_hw_devices xc7a35t_0]
program_hw_devices [get_hw_devices xc7a35t_0]
INFO: [Labtools 27-3164] End of startup status: HIGH
refresh_hw_device [lindex [get_hw_devices xc7a35t_0] 0]
INFO: [Labtools 27-1434] Device xc7a35t (JTAG device index = 0) is programmed with a design that has no supported debug core(s) in it.
reset_run synth_1
launch_runs impl_1 -to_step write_bitstream -jobs 12
[Mon Aug 12 06:35:14 2024] Launched synth_1...
Run output will be captured here: C:/Users/Public/grup_proje/grup_proje.runs/synth_1/runme.log
[Mon Aug 12 06:35:14 2024] Launched impl_1...
Run output will be captured here: C:/Users/Public/grup_proje/grup_proje.runs/impl_1/runme.log
set_property PROBES.FILE {} [get_hw_devices xc7a35t_0]
set_property FULL_PROBES.FILE {} [get_hw_devices xc7a35t_0]
set_property PROGRAM.FILE {C:/Users/Public/grup_proje/grup_proje.runs/impl_1/saatt.bit} [get_hw_devices xc7a35t_0]
program_hw_devices [get_hw_devices xc7a35t_0]
INFO: [Labtools 27-3164] End of startup status: HIGH
refresh_hw_device [lindex [get_hw_devices xc7a35t_0] 0]
INFO: [Labtools 27-1434] Device xc7a35t (JTAG device index = 0) is programmed with a design that has no supported debug core(s) in it.
set_property PROBES.FILE {} [get_hw_devices xc7a35t_0]
set_property FULL_PROBES.FILE {} [get_hw_devices xc7a35t_0]
set_property PROGRAM.FILE {C:/Users/Public/grup_proje/grup_proje.runs/impl_1/saatt.bit} [get_hw_devices xc7a35t_0]
program_hw_devices [get_hw_devices xc7a35t_0]
INFO: [Labtools 27-3164] End of startup status: HIGH
refresh_hw_device [lindex [get_hw_devices xc7a35t_0] 0]
INFO: [Labtools 27-1434] Device xc7a35t (JTAG device index = 0) is programmed with a design that has no supported debug core(s) in it.
set_property PROBES.FILE {} [get_hw_devices xc7a35t_0]
set_property FULL_PROBES.FILE {} [get_hw_devices xc7a35t_0]
set_property PROGRAM.FILE {C:/Users/Public/grup_proje/grup_proje.runs/impl_1/saatt.bit} [get_hw_devices xc7a35t_0]
program_hw_devices [get_hw_devices xc7a35t_0]
INFO: [Labtools 27-3164] End of startup status: HIGH
refresh_hw_device [lindex [get_hw_devices xc7a35t_0] 0]
INFO: [Labtools 27-1434] Device xc7a35t (JTAG device index = 0) is programmed with a design that has no supported debug core(s) in it.
set_property PROBES.FILE {} [get_hw_devices xc7a35t_0]
set_property FULL_PROBES.FILE {} [get_hw_devices xc7a35t_0]
set_property PROGRAM.FILE {C:/Users/Public/grup_proje/grup_proje.runs/impl_1/saatt.bit} [get_hw_devices xc7a35t_0]
program_hw_devices [get_hw_devices xc7a35t_0]
INFO: [Labtools 27-3164] End of startup status: HIGH
refresh_hw_device [lindex [get_hw_devices xc7a35t_0] 0]
INFO: [Labtools 27-1434] Device xc7a35t (JTAG device index = 0) is programmed with a design that has no supported debug core(s) in it.
set_property PROBES.FILE {} [get_hw_devices xc7a35t_0]
set_property FULL_PROBES.FILE {} [get_hw_devices xc7a35t_0]
set_property PROGRAM.FILE {C:/Users/Public/grup_proje/grup_proje.runs/impl_1/saatt.bit} [get_hw_devices xc7a35t_0]
program_hw_devices [get_hw_devices xc7a35t_0]
INFO: [Labtools 27-3164] End of startup status: HIGH
refresh_hw_device [lindex [get_hw_devices xc7a35t_0] 0]
INFO: [Labtools 27-1434] Device xc7a35t (JTAG device index = 0) is programmed with a design that has no supported debug core(s) in it.
reset_run synth_1
launch_runs impl_1 -to_step write_bitstream -jobs 12
[Mon Aug 12 06:49:02 2024] Launched synth_1...
Run output will be captured here: C:/Users/Public/grup_proje/grup_proje.runs/synth_1/runme.log
[Mon Aug 12 06:49:02 2024] Launched impl_1...
Run output will be captured here: C:/Users/Public/grup_proje/grup_proje.runs/impl_1/runme.log
reset_run synth_1
launch_runs impl_1 -to_step write_bitstream -jobs 12
[Mon Aug 12 06:49:57 2024] Launched synth_1...
Run output will be captured here: C:/Users/Public/grup_proje/grup_proje.runs/synth_1/runme.log
[Mon Aug 12 06:49:57 2024] Launched impl_1...
Run output will be captured here: C:/Users/Public/grup_proje/grup_proje.runs/impl_1/runme.log
set_property PROBES.FILE {} [get_hw_devices xc7a35t_0]
set_property FULL_PROBES.FILE {} [get_hw_devices xc7a35t_0]
set_property PROGRAM.FILE {C:/Users/Public/grup_proje/grup_proje.runs/impl_1/saatt.bit} [get_hw_devices xc7a35t_0]
program_hw_devices [get_hw_devices xc7a35t_0]
INFO: [Labtools 27-3164] End of startup status: HIGH
refresh_hw_device [lindex [get_hw_devices xc7a35t_0] 0]
INFO: [Labtools 27-1434] Device xc7a35t (JTAG device index = 0) is programmed with a design that has no supported debug core(s) in it.
reset_run synth_1
launch_runs impl_1 -to_step write_bitstream -jobs 12
[Mon Aug 12 06:54:29 2024] Launched synth_1...
Run output will be captured here: C:/Users/Public/grup_proje/grup_proje.runs/synth_1/runme.log
[Mon Aug 12 06:54:29 2024] Launched impl_1...
Run output will be captured here: C:/Users/Public/grup_proje/grup_proje.runs/impl_1/runme.log
reset_run synth_1
launch_runs impl_1 -to_step write_bitstream -jobs 12
[Mon Aug 12 06:55:14 2024] Launched synth_1...
Run output will be captured here: C:/Users/Public/grup_proje/grup_proje.runs/synth_1/runme.log
[Mon Aug 12 06:55:14 2024] Launched impl_1...
Run output will be captured here: C:/Users/Public/grup_proje/grup_proje.runs/impl_1/runme.log
set_property PROBES.FILE {} [get_hw_devices xc7a35t_0]
set_property FULL_PROBES.FILE {} [get_hw_devices xc7a35t_0]
set_property PROGRAM.FILE {C:/Users/Public/grup_proje/grup_proje.runs/impl_1/saatt.bit} [get_hw_devices xc7a35t_0]
program_hw_devices [get_hw_devices xc7a35t_0]
INFO: [Labtools 27-3164] End of startup status: HIGH
refresh_hw_device [lindex [get_hw_devices xc7a35t_0] 0]
INFO: [Labtools 27-1434] Device xc7a35t (JTAG device index = 0) is programmed with a design that has no supported debug core(s) in it.
reset_run impl_1 -prev_step 
launch_runs impl_1 -to_step write_bitstream -jobs 12
WARNING: [Vivado 12-872] Run step 'Design Initialization' is out-of-date.
[Mon Aug 12 06:59:59 2024] Launched impl_1...
Run output will be captured here: C:/Users/Public/grup_proje/grup_proje.runs/impl_1/runme.log
set_property PROBES.FILE {} [get_hw_devices xc7a35t_0]
set_property FULL_PROBES.FILE {} [get_hw_devices xc7a35t_0]
set_property PROGRAM.FILE {C:/Users/Public/grup_proje/grup_proje.runs/impl_1/saatt.bit} [get_hw_devices xc7a35t_0]
program_hw_devices [get_hw_devices xc7a35t_0]
INFO: [Labtools 27-3164] End of startup status: HIGH
refresh_hw_device [lindex [get_hw_devices xc7a35t_0] 0]
INFO: [Labtools 27-1434] Device xc7a35t (JTAG device index = 0) is programmed with a design that has no supported debug core(s) in it.
reset_run synth_1
launch_runs impl_1 -to_step write_bitstream -jobs 12
[Mon Aug 12 07:01:39 2024] Launched synth_1...
Run output will be captured here: C:/Users/Public/grup_proje/grup_proje.runs/synth_1/runme.log
[Mon Aug 12 07:01:39 2024] Launched impl_1...
Run output will be captured here: C:/Users/Public/grup_proje/grup_proje.runs/impl_1/runme.log
set_property PROBES.FILE {} [get_hw_devices xc7a35t_0]
set_property FULL_PROBES.FILE {} [get_hw_devices xc7a35t_0]
set_property PROGRAM.FILE {C:/Users/Public/grup_proje/grup_proje.runs/impl_1/saatt.bit} [get_hw_devices xc7a35t_0]
program_hw_devices [get_hw_devices xc7a35t_0]
INFO: [Labtools 27-3164] End of startup status: HIGH
refresh_hw_device [lindex [get_hw_devices xc7a35t_0] 0]
INFO: [Labtools 27-1434] Device xc7a35t (JTAG device index = 0) is programmed with a design that has no supported debug core(s) in it.
reset_run synth_1
launch_runs impl_1 -to_step write_bitstream -jobs 12
[Mon Aug 12 07:05:03 2024] Launched synth_1...
Run output will be captured here: C:/Users/Public/grup_proje/grup_proje.runs/synth_1/runme.log
[Mon Aug 12 07:05:03 2024] Launched impl_1...
Run output will be captured here: C:/Users/Public/grup_proje/grup_proje.runs/impl_1/runme.log
set_property PROBES.FILE {} [get_hw_devices xc7a35t_0]
set_property FULL_PROBES.FILE {} [get_hw_devices xc7a35t_0]
set_property PROGRAM.FILE {C:/Users/Public/grup_proje/grup_proje.runs/impl_1/saatt.bit} [get_hw_devices xc7a35t_0]
program_hw_devices [get_hw_devices xc7a35t_0]
INFO: [Labtools 27-3164] End of startup status: HIGH
refresh_hw_device [lindex [get_hw_devices xc7a35t_0] 0]
INFO: [Labtools 27-1434] Device xc7a35t (JTAG device index = 0) is programmed with a design that has no supported debug core(s) in it.
set_property PROBES.FILE {} [get_hw_devices xc7a35t_0]
set_property FULL_PROBES.FILE {} [get_hw_devices xc7a35t_0]
set_property PROGRAM.FILE {C:/Users/Public/grup_proje/grup_proje.runs/impl_1/saatt.bit} [get_hw_devices xc7a35t_0]
program_hw_devices [get_hw_devices xc7a35t_0]
INFO: [Labtools 27-3164] End of startup status: HIGH
refresh_hw_device [lindex [get_hw_devices xc7a35t_0] 0]
INFO: [Labtools 27-1434] Device xc7a35t (JTAG device index = 0) is programmed with a design that has no supported debug core(s) in it.
set_property PROBES.FILE {} [get_hw_devices xc7a35t_0]
set_property FULL_PROBES.FILE {} [get_hw_devices xc7a35t_0]
set_property PROGRAM.FILE {C:/Users/Public/grup_proje/grup_proje.runs/impl_1/saatt.bit} [get_hw_devices xc7a35t_0]
program_hw_devices [get_hw_devices xc7a35t_0]
INFO: [Labtools 27-3164] End of startup status: HIGH
refresh_hw_device [lindex [get_hw_devices xc7a35t_0] 0]
INFO: [Labtools 27-1434] Device xc7a35t (JTAG device index = 0) is programmed with a design that has no supported debug core(s) in it.
set_property PROBES.FILE {} [get_hw_devices xc7a35t_0]
set_property FULL_PROBES.FILE {} [get_hw_devices xc7a35t_0]
set_property PROGRAM.FILE {C:/Users/Public/grup_proje/grup_proje.runs/impl_1/saatt.bit} [get_hw_devices xc7a35t_0]
program_hw_devices [get_hw_devices xc7a35t_0]
INFO: [Labtools 27-3164] End of startup status: HIGH
refresh_hw_device [lindex [get_hw_devices xc7a35t_0] 0]
INFO: [Labtools 27-1434] Device xc7a35t (JTAG device index = 0) is programmed with a design that has no supported debug core(s) in it.
INFO: [Common 17-41] Interrupt caught. Command should exit soon.
reset_run impl_1 -prev_step 
launch_runs impl_1 -to_step write_bitstream -jobs 12
WARNING: [Vivado 12-872] Run step 'Design Initialization' is out-of-date.
[Mon Aug 12 07:16:22 2024] Launched impl_1...
Run output will be captured here: C:/Users/Public/grup_proje/grup_proje.runs/impl_1/runme.log
set_property PROBES.FILE {} [get_hw_devices xc7a35t_0]
set_property FULL_PROBES.FILE {} [get_hw_devices xc7a35t_0]
set_property PROGRAM.FILE {C:/Users/Public/grup_proje/grup_proje.runs/impl_1/saatt.bit} [get_hw_devices xc7a35t_0]
program_hw_devices [get_hw_devices xc7a35t_0]
INFO: [Labtools 27-3164] End of startup status: HIGH
refresh_hw_device [lindex [get_hw_devices xc7a35t_0] 0]
INFO: [Labtools 27-1434] Device xc7a35t (JTAG device index = 0) is programmed with a design that has no supported debug core(s) in it.
set_property PROBES.FILE {} [get_hw_devices xc7a35t_0]
set_property FULL_PROBES.FILE {} [get_hw_devices xc7a35t_0]
set_property PROGRAM.FILE {C:/Users/Public/grup_proje/grup_proje.runs/impl_1/saatt.bit} [get_hw_devices xc7a35t_0]
program_hw_devices [get_hw_devices xc7a35t_0]
INFO: [Labtools 27-3164] End of startup status: HIGH
refresh_hw_device [lindex [get_hw_devices xc7a35t_0] 0]
INFO: [Labtools 27-1434] Device xc7a35t (JTAG device index = 0) is programmed with a design that has no supported debug core(s) in it.
set_property PROBES.FILE {} [get_hw_devices xc7a35t_0]
set_property FULL_PROBES.FILE {} [get_hw_devices xc7a35t_0]
set_property PROGRAM.FILE {C:/Users/Public/grup_proje/grup_proje.runs/impl_1/saatt.bit} [get_hw_devices xc7a35t_0]
program_hw_devices [get_hw_devices xc7a35t_0]
INFO: [Labtools 27-3164] End of startup status: HIGH
refresh_hw_device [lindex [get_hw_devices xc7a35t_0] 0]
INFO: [Labtools 27-1434] Device xc7a35t (JTAG device index = 0) is programmed with a design that has no supported debug core(s) in it.
reset_run synth_1
launch_runs impl_1 -to_step write_bitstream -jobs 12
[Mon Aug 12 07:19:31 2024] Launched synth_1...
Run output will be captured here: C:/Users/Public/grup_proje/grup_proje.runs/synth_1/runme.log
[Mon Aug 12 07:19:31 2024] Launched impl_1...
Run output will be captured here: C:/Users/Public/grup_proje/grup_proje.runs/impl_1/runme.log
set_property PROBES.FILE {} [get_hw_devices xc7a35t_0]
set_property FULL_PROBES.FILE {} [get_hw_devices xc7a35t_0]
set_property PROGRAM.FILE {C:/Users/Public/grup_proje/grup_proje.runs/impl_1/saatt.bit} [get_hw_devices xc7a35t_0]
program_hw_devices [get_hw_devices xc7a35t_0]
INFO: [Labtools 27-3164] End of startup status: HIGH
refresh_hw_device [lindex [get_hw_devices xc7a35t_0] 0]
INFO: [Labtools 27-1434] Device xc7a35t (JTAG device index = 0) is programmed with a design that has no supported debug core(s) in it.
reset_run synth_1
launch_runs impl_1 -to_step write_bitstream -jobs 12
[Mon Aug 12 07:28:17 2024] Launched synth_1...
Run output will be captured here: C:/Users/Public/grup_proje/grup_proje.runs/synth_1/runme.log
[Mon Aug 12 07:28:17 2024] Launched impl_1...
Run output will be captured here: C:/Users/Public/grup_proje/grup_proje.runs/impl_1/runme.log
set_property PROBES.FILE {} [get_hw_devices xc7a35t_0]
set_property FULL_PROBES.FILE {} [get_hw_devices xc7a35t_0]
set_property PROGRAM.FILE {C:/Users/Public/grup_proje/grup_proje.runs/impl_1/saatt.bit} [get_hw_devices xc7a35t_0]
program_hw_devices [get_hw_devices xc7a35t_0]
INFO: [Labtools 27-3164] End of startup status: HIGH
refresh_hw_device [lindex [get_hw_devices xc7a35t_0] 0]
INFO: [Labtools 27-1434] Device xc7a35t (JTAG device index = 0) is programmed with a design that has no supported debug core(s) in it.
reset_run synth_1
launch_runs impl_1 -to_step write_bitstream -jobs 12
[Mon Aug 12 07:31:55 2024] Launched synth_1...
Run output will be captured here: C:/Users/Public/grup_proje/grup_proje.runs/synth_1/runme.log
[Mon Aug 12 07:31:55 2024] Launched impl_1...
Run output will be captured here: C:/Users/Public/grup_proje/grup_proje.runs/impl_1/runme.log
set_property PROBES.FILE {} [get_hw_devices xc7a35t_0]
set_property FULL_PROBES.FILE {} [get_hw_devices xc7a35t_0]
set_property PROGRAM.FILE {C:/Users/Public/grup_proje/grup_proje.runs/impl_1/saatt.bit} [get_hw_devices xc7a35t_0]
program_hw_devices [get_hw_devices xc7a35t_0]
INFO: [Labtools 27-3164] End of startup status: HIGH
refresh_hw_device [lindex [get_hw_devices xc7a35t_0] 0]
INFO: [Labtools 27-1434] Device xc7a35t (JTAG device index = 0) is programmed with a design that has no supported debug core(s) in it.
reset_run synth_1
launch_runs impl_1 -to_step write_bitstream -jobs 12
[Mon Aug 12 07:37:42 2024] Launched synth_1...
Run output will be captured here: C:/Users/Public/grup_proje/grup_proje.runs/synth_1/runme.log
[Mon Aug 12 07:37:42 2024] Launched impl_1...
Run output will be captured here: C:/Users/Public/grup_proje/grup_proje.runs/impl_1/runme.log
set_property PROBES.FILE {} [get_hw_devices xc7a35t_0]
set_property FULL_PROBES.FILE {} [get_hw_devices xc7a35t_0]
set_property PROGRAM.FILE {C:/Users/Public/grup_proje/grup_proje.runs/impl_1/saatt.bit} [get_hw_devices xc7a35t_0]
program_hw_devices [get_hw_devices xc7a35t_0]
INFO: [Labtools 27-3164] End of startup status: HIGH
refresh_hw_device [lindex [get_hw_devices xc7a35t_0] 0]
INFO: [Labtools 27-1434] Device xc7a35t (JTAG device index = 0) is programmed with a design that has no supported debug core(s) in it.
reset_run impl_1 -prev_step 
launch_runs impl_1 -to_step write_bitstream -jobs 12
WARNING: [Vivado 12-872] Run step 'Design Initialization' is out-of-date.
[Mon Aug 12 07:40:43 2024] Launched impl_1...
Run output will be captured here: C:/Users/Public/grup_proje/grup_proje.runs/impl_1/runme.log
set_property PROBES.FILE {} [get_hw_devices xc7a35t_0]
set_property FULL_PROBES.FILE {} [get_hw_devices xc7a35t_0]
set_property PROGRAM.FILE {C:/Users/Public/grup_proje/grup_proje.runs/impl_1/saatt.bit} [get_hw_devices xc7a35t_0]
program_hw_devices [get_hw_devices xc7a35t_0]
INFO: [Labtools 27-3164] End of startup status: HIGH
refresh_hw_device [lindex [get_hw_devices xc7a35t_0] 0]
INFO: [Labtools 27-1434] Device xc7a35t (JTAG device index = 0) is programmed with a design that has no supported debug core(s) in it.
reset_run synth_1
launch_runs impl_1 -to_step write_bitstream -jobs 12
[Mon Aug 12 07:42:15 2024] Launched synth_1...
Run output will be captured here: C:/Users/Public/grup_proje/grup_proje.runs/synth_1/runme.log
[Mon Aug 12 07:42:15 2024] Launched impl_1...
Run output will be captured here: C:/Users/Public/grup_proje/grup_proje.runs/impl_1/runme.log
close [ open C:/Users/Public/grup_proje/grup_proje.srcs/sources_1/new/debounce.v w ]
add_files C:/Users/Public/grup_proje/grup_proje.srcs/sources_1/new/debounce.v
update_compile_order -fileset sources_1
reset_run synth_1
update_compile_order -fileset sources_1
launch_runs impl_1 -to_step write_bitstream -jobs 12
[Mon Aug 12 08:00:15 2024] Launched synth_1...
Run output will be captured here: C:/Users/Public/grup_proje/grup_proje.runs/synth_1/runme.log
[Mon Aug 12 08:00:15 2024] Launched impl_1...
Run output will be captured here: C:/Users/Public/grup_proje/grup_proje.runs/impl_1/runme.log
set_property PROBES.FILE {} [get_hw_devices xc7a35t_0]
set_property FULL_PROBES.FILE {} [get_hw_devices xc7a35t_0]
set_property PROGRAM.FILE {C:/Users/Public/grup_proje/grup_proje.runs/impl_1/saatt.bit} [get_hw_devices xc7a35t_0]
program_hw_devices [get_hw_devices xc7a35t_0]
INFO: [Labtools 27-3164] End of startup status: HIGH
refresh_hw_device [lindex [get_hw_devices xc7a35t_0] 0]
INFO: [Labtools 27-1434] Device xc7a35t (JTAG device index = 0) is programmed with a design that has no supported debug core(s) in it.
reset_run synth_1
launch_runs impl_1 -to_step write_bitstream -jobs 12
[Mon Aug 12 08:05:31 2024] Launched synth_1...
Run output will be captured here: C:/Users/Public/grup_proje/grup_proje.runs/synth_1/runme.log
[Mon Aug 12 08:05:31 2024] Launched impl_1...
Run output will be captured here: C:/Users/Public/grup_proje/grup_proje.runs/impl_1/runme.log
set_property PROBES.FILE {} [get_hw_devices xc7a35t_0]
set_property FULL_PROBES.FILE {} [get_hw_devices xc7a35t_0]
set_property PROGRAM.FILE {C:/Users/Public/grup_proje/grup_proje.runs/impl_1/saatt.bit} [get_hw_devices xc7a35t_0]
program_hw_devices [get_hw_devices xc7a35t_0]
INFO: [Labtools 27-3164] End of startup status: HIGH
refresh_hw_device [lindex [get_hw_devices xc7a35t_0] 0]
INFO: [Labtools 27-1434] Device xc7a35t (JTAG device index = 0) is programmed with a design that has no supported debug core(s) in it.
reset_run synth_1
launch_runs impl_1 -to_step write_bitstream -jobs 12
[Mon Aug 12 08:08:17 2024] Launched synth_1...
Run output will be captured here: C:/Users/Public/grup_proje/grup_proje.runs/synth_1/runme.log
[Mon Aug 12 08:08:17 2024] Launched impl_1...
Run output will be captured here: C:/Users/Public/grup_proje/grup_proje.runs/impl_1/runme.log
set_property PROBES.FILE {} [get_hw_devices xc7a35t_0]
set_property FULL_PROBES.FILE {} [get_hw_devices xc7a35t_0]
set_property PROGRAM.FILE {C:/Users/Public/grup_proje/grup_proje.runs/impl_1/saatt.bit} [get_hw_devices xc7a35t_0]
program_hw_devices [get_hw_devices xc7a35t_0]
INFO: [Labtools 27-3164] End of startup status: HIGH
refresh_hw_device [lindex [get_hw_devices xc7a35t_0] 0]
INFO: [Labtools 27-1434] Device xc7a35t (JTAG device index = 0) is programmed with a design that has no supported debug core(s) in it.
reset_run synth_1
launch_runs impl_1 -to_step write_bitstream -jobs 12
[Mon Aug 12 08:10:42 2024] Launched synth_1...
Run output will be captured here: C:/Users/Public/grup_proje/grup_proje.runs/synth_1/runme.log
[Mon Aug 12 08:10:42 2024] Launched impl_1...
Run output will be captured here: C:/Users/Public/grup_proje/grup_proje.runs/impl_1/runme.log
set_property PROBES.FILE {} [get_hw_devices xc7a35t_0]
set_property FULL_PROBES.FILE {} [get_hw_devices xc7a35t_0]
set_property PROGRAM.FILE {C:/Users/Public/grup_proje/grup_proje.runs/impl_1/saatt.bit} [get_hw_devices xc7a35t_0]
program_hw_devices [get_hw_devices xc7a35t_0]
INFO: [Labtools 27-3164] End of startup status: HIGH
refresh_hw_device [lindex [get_hw_devices xc7a35t_0] 0]
INFO: [Labtools 27-1434] Device xc7a35t (JTAG device index = 0) is programmed with a design that has no supported debug core(s) in it.
set_property PROBES.FILE {} [get_hw_devices xc7a35t_0]
set_property FULL_PROBES.FILE {} [get_hw_devices xc7a35t_0]
set_property PROGRAM.FILE {C:/Users/Public/grup_proje/grup_proje.runs/impl_1/saatt.bit} [get_hw_devices xc7a35t_0]
program_hw_devices [get_hw_devices xc7a35t_0]
INFO: [Labtools 27-3164] End of startup status: HIGH
refresh_hw_device [lindex [get_hw_devices xc7a35t_0] 0]
INFO: [Labtools 27-1434] Device xc7a35t (JTAG device index = 0) is programmed with a design that has no supported debug core(s) in it.
exit
INFO: [Common 17-206] Exiting Vivado at Mon Aug 12 08:14:28 2024...
